#
# A fatal error has been detected by the Java Runtime Environment:
#
#  EXCEPTION_ACCESS_VIOLATION (0xc0000005) at pc=0x00000000527b5c72, pid=6312, tid=14676
#
# JRE version: Java(TM) SE Runtime Environment (8.0_73-b02) (build 1.8.0_73-b02)
# Java VM: Java HotSpot(TM) 64-Bit Server VM (25.73-b02 mixed mode windows-amd64 compressed oops)
# Problematic frame:
# V  [jvm.dll+0x75c72]
#
# Failed to write core dump. Minidumps are not enabled by default on client versions of Windows
#
# If you would like to submit a bug report, please visit:
#   http://bugreport.java.com/bugreport/crash.jsp
#

---------------  T H R E A D  ---------------

Current thread (0x00000000268de800):  JavaThread "XNIO-1 task-21" [_thread_in_vm, id=14676, stack(0x000000002b3b0000,0x000000002b4b0000)]

siginfo: ExceptionCode=0xc0000005, reading address 0x0000000087810000

Registers:
RAX=0x000000000329a0e0, RBX=0x0000000087810000, RCX=0x0000000003295ed0, RDX=0x0000000000002932
RSP=0x000000002b4a8690, RBP=0x000000007bb7edc1, RSI=0x000000002b4a8790, RDI=0x0000000000000005
R8 =0x0000000027518c89, R9 =0x0000000000000052, R10=0x0000000052740000, R11=0x000000007bb7edc1
R12=0x0000000000000052, R13=0x0000000027518c89, R14=0x0000000003295ed0, R15=0x0000000027518c89
RIP=0x00000000527b5c72, EFLAGS=0x0000000000010206

Top of Stack: (sp=0x000000002b4a8690)
0x000000002b4a8690:   00000000268de800 000000000000002a
0x000000002b4a86a0:   00004f4423871f1c 000000005287a490
0x000000002b4a86b0:   0000000000000042 0000000000000042
0x000000002b4a86c0:   000000002b4a8eb0 00000000527b5d64
0x000000002b4a86d0:   0000000000000052 000000002b4a8810
0x000000002b4a86e0:   000000002b4a8790 0000000027518c89
0x000000002b4a86f0:   000000007bb7edc1 00000000268de800
0x000000002b4a8700:   0000000000000052 0000000052793f99
0x000000002b4a8710:   0000000000000052 00000000268de800
0x000000002b4a8720:   0000000000000000 0000000053038d17
0x000000002b4a8730:   0000000000000002 0000000000000078
0x000000002b4a8740:   0000000000000078 0000000000000078
0x000000002b4a8750:   0000000026bd5200 0000009000000007
0x000000002b4a8760:   0000000000007e00 00000000275188b0
0x000000002b4a8770:   00000000275199fc 0000000027518cdb
0x000000002b4a8780:   000000002b4a9270 000000002b4a9700 

Instructions: (pc=0x00000000527b5c72)
0x00000000527b5c52:   48 63 d2 33 ff 48 8b 1c d0 45 8b e1 4d 8b e8 4c
0x00000000527b5c62:   8b f1 48 85 db 74 4a 8b 6c 24 60 0f 1f 00 ff c7
0x00000000527b5c72:   39 2b 75 16 48 8b 73 10 45 8b c4 49 8b d5 48 8b
0x00000000527b5c82:   ce e8 38 3c 0c 00 84 c0 75 48 48 8b 5b 08 48 83 


Register to memory mapping:

RAX=0x000000000329a0e0 is an unknown value
RBX=0x0000000087810000 is an unknown value
RCX=0x0000000003295ed0 is an unknown value
RDX=0x0000000000002932 is an unknown value
RSP=0x000000002b4a8690 is pointing into the stack for thread: 0x00000000268de800
RBP=0x000000007bb7edc1 is an unknown value
RSI=0x000000002b4a8790 is pointing into the stack for thread: 0x00000000268de800
RDI=0x0000000000000005 is an unknown value
R8 =0x0000000027518c89 is an unknown value
R9 =0x0000000000000052 is an unknown value
R10=0x0000000052740000 is an unknown value
R11=0x000000007bb7edc1 is an unknown value
R12=0x0000000000000052 is an unknown value
R13=0x0000000027518c89 is an unknown value
R14=0x0000000003295ed0 is an unknown value
R15=0x0000000027518c89 is an unknown value


Stack: [0x000000002b3b0000,0x000000002b4b0000],  sp=0x000000002b4a8690,  free space=993k
Native frames: (J=compiled Java code, j=interpreted, Vv=VM code, C=native code)
V  [jvm.dll+0x75c72]
V  [jvm.dll+0x75d64]
V  [jvm.dll+0x53f99]
V  [jvm.dll+0x54399]
V  [jvm.dll+0x5c597]
V  [jvm.dll+0x7b545]
V  [jvm.dll+0x190f51]
V  [jvm.dll+0x1912eb]
C  [java.dll+0x1e58]
C  0x00000000037e359d

Java frames: (J=compiled Java code, j=interpreted, Vv=VM code)
J 849  java.lang.ClassLoader.defineClass1(Ljava/lang/String;[BIILjava/security/ProtectionDomain;Ljava/lang/String;)Ljava/lang/Class; (0 bytes) @ 0x00000000037e351f [0x00000000037e3480+0x9f]
J 774 C1 java.lang.ClassLoader.defineClass(Ljava/lang/String;[BIILjava/security/ProtectionDomain;)Ljava/lang/Class; (43 bytes) @ 0x00000000037c72cc [0x00000000037c71a0+0x12c]
J 777 C1 java.net.URLClassLoader.defineClass(Ljava/lang/String;Lsun/misc/Resource;)Ljava/lang/Class; (142 bytes) @ 0x00000000037c9a7c [0x00000000037c9060+0xa1c]
J 727 C1 java.net.URLClassLoader$1.run()Ljava/lang/Class; (63 bytes) @ 0x00000000037b0e1c [0x00000000037b0d40+0xdc]
J 726 C1 java.net.URLClassLoader$1.run()Ljava/lang/Object; (5 bytes) @ 0x00000000037b0a1c [0x00000000037b09e0+0x3c]
v  ~StubRoutines::call_stub
J 725  java.security.AccessController.doPrivileged(Ljava/security/PrivilegedExceptionAction;Ljava/security/AccessControlContext;)Ljava/lang/Object; (0 bytes) @ 0x00000000037b06a6 [0x00000000037b0640+0x66]
J 482 C1 java.net.URLClassLoader.findClass(Ljava/lang/String;)Ljava/lang/Class; (47 bytes) @ 0x0000000003755c24 [0x0000000003755b60+0xc4]
j  java.lang.ClassLoader.loadClass(Ljava/lang/String;Z)Ljava/lang/Class;+70
J 518 C1 sun.misc.Launcher$AppClassLoader.loadClass(Ljava/lang/String;Z)Ljava/lang/Class; (85 bytes) @ 0x000000000376068c [0x0000000003760380+0x30c]
J 719 C1 java.lang.ClassLoader.loadClass(Ljava/lang/String;)Ljava/lang/Class; (7 bytes) @ 0x00000000037abdfc [0x00000000037abda0+0x5c]
v  ~StubRoutines::call_stub
j  springfox.documentation.swagger2.mappers.ModelMapper.mapProperty(Lspringfox/documentation/schema/ModelProperty;)Lio/swagger/models/properties/Property;+18
j  springfox.documentation.swagger2.mappers.ModelMapper.mapProperties(Ljava/util/SortedMap;)Ljava/util/Map;+73
j  springfox.documentation.swagger2.mappers.ModelMapper.mapProperties(Lspringfox/documentation/schema/Model;)Lio/swagger/models/Model;+58
j  springfox.documentation.swagger2.mappers.ModelMapper.mapModels(Ljava/util/Map;)Ljava/util/Map;+65
j  springfox.documentation.swagger2.mappers.ModelMapper.modelsFromApiListings(Lcom/google/common/collect/Multimap;)Ljava/util/Map;+52
j  springfox.documentation.swagger2.mappers.ServiceModelToSwagger2MapperImpl.mapDocumentation(Lspringfox/documentation/service/Documentation;)Lio/swagger/models/Swagger;+58
j  springfox.documentation.swagger2.web.Swagger2Controller.getDocumentation(Ljava/lang/String;Ljavax/servlet/http/HttpServletRequest;)Lorg/springframework/http/ResponseEntity;+45
v  ~StubRoutines::call_stub
J 2415  sun.reflect.NativeMethodAccessorImpl.invoke0(Ljava/lang/reflect/Method;Ljava/lang/Object;[Ljava/lang/Object;)Ljava/lang/Object; (0 bytes) @ 0x0000000003a6f13f [0x0000000003a6f0c0+0x7f]
J 2414 C1 sun.reflect.NativeMethodAccessorImpl.invoke(Ljava/lang/Object;[Ljava/lang/Object;)Ljava/lang/Object; (104 bytes) @ 0x0000000003a6f90c [0x0000000003a6f520+0x3ec]
J 2362 C1 sun.reflect.DelegatingMethodAccessorImpl.invoke(Ljava/lang/Object;[Ljava/lang/Object;)Ljava/lang/Object; (10 bytes) @ 0x0000000003a5dd04 [0x0000000003a5dca0+0x64]
J 2361 C1 java.lang.reflect.Method.invoke(Ljava/lang/Object;[Ljava/lang/Object;)Ljava/lang/Object; (62 bytes) @ 0x0000000003a5d8c4 [0x0000000003a5d7a0+0x124]
J 10593 C1 org.springframework.web.method.support.InvocableHandlerMethod.doInvoke([Ljava/lang/Object;)Ljava/lang/Object; (124 bytes) @ 0x000000000494ecb4 [0x000000000494ec40+0x74]
j  org.springframework.web.method.support.InvocableHandlerMethod.invokeForRequest(Lorg/springframework/web/context/request/NativeWebRequest;Lorg/springframework/web/method/support/ModelAndViewContainer;[Ljava/lang/Object;)Ljava/lang/Object;+56
j  org.springframework.web.servlet.mvc.method.annotation.ServletInvocableHandlerMethod.invokeAndHandle(Lorg/springframework/web/context/request/ServletWebRequest;Lorg/springframework/web/method/support/ModelAndViewContainer;[Ljava/lang/Object;)V+4
j  org.springframework.web.servlet.mvc.method.annotation.RequestMappingHandlerAdapter.invokeHandlerMethod(Ljavax/servlet/http/HttpServletRequest;Ljavax/servlet/http/HttpServletResponse;Lorg/springframework/web/method/HandlerMethod;)Lorg/springframework/web/servlet/ModelAndView;+244
j  org.springframework.web.servlet.mvc.method.annotation.RequestMappingHandlerAdapter.handleInternal(Ljavax/servlet/http/HttpServletRequest;Ljavax/servlet/http/HttpServletResponse;Lorg/springframework/web/method/HandlerMethod;)Lorg/springframework/web/servlet/ModelAndView;+81
j  org.springframework.web.servlet.mvc.method.AbstractHandlerMethodAdapter.handle(Ljavax/servlet/http/HttpServletRequest;Ljavax/servlet/http/HttpServletResponse;Ljava/lang/Object;)Lorg/springframework/web/servlet/ModelAndView;+7
j  org.springframework.web.servlet.DispatcherServlet.doDispatch(Ljavax/servlet/http/HttpServletRequest;Ljavax/servlet/http/HttpServletResponse;)V+257
j  org.springframework.web.servlet.DispatcherServlet.doService(Ljavax/servlet/http/HttpServletRequest;Ljavax/servlet/http/HttpServletResponse;)V+212
j  org.springframework.web.servlet.FrameworkServlet.processRequest(Ljavax/servlet/http/HttpServletRequest;Ljavax/servlet/http/HttpServletResponse;)V+71
J 10056 C1 org.springframework.web.servlet.FrameworkServlet.doGet(Ljavax/servlet/http/HttpServletRequest;Ljavax/servlet/http/HttpServletResponse;)V (7 bytes) @ 0x0000000004841f74 [0x0000000004841f20+0x54]
j  javax.servlet.http.HttpServlet.service(Ljavax/servlet/http/HttpServletRequest;Ljavax/servlet/http/HttpServletResponse;)V+35
j  org.springframework.web.servlet.FrameworkServlet.service(Ljavax/servlet/http/HttpServletRequest;Ljavax/servlet/http/HttpServletResponse;)V+33
j  javax.servlet.http.HttpServlet.service(Ljavax/servlet/ServletRequest;Ljavax/servlet/ServletResponse;)V+39
j  io.undertow.servlet.handlers.ServletHandler.handleRequest(Lio/undertow/server/HttpServerExchange;)V+143
J 8541 C1 io.undertow.servlet.handlers.FilterHandler$FilterChainImpl.doFilter(Ljavax/servlet/ServletRequest;Ljavax/servlet/ServletResponse;)V (232 bytes) @ 0x000000000458601c [0x0000000004585dc0+0x25c]
J 10467 C1 org.springframework.boot.actuate.web.trace.servlet.HttpTraceFilter.doFilterInternal(Ljavax/servlet/http/HttpServletRequest;Ljavax/servlet/http/HttpServletResponse;Ljavax/servlet/FilterChain;)V (221 bytes) @ 0x0000000004914bbc [0x00000000049147c0+0x3fc]
J 8832 C1 org.springframework.web.filter.OncePerRequestFilter.doFilter(Ljavax/servlet/ServletRequest;Ljavax/servlet/ServletResponse;Ljavax/servlet/FilterChain;)V (148 bytes) @ 0x00000000046179ec [0x0000000004617720+0x2cc]
J 8615 C1 io.undertow.servlet.core.ManagedFilter.doFilter(Ljavax/servlet/ServletRequest;Ljavax/servlet/ServletResponse;Ljavax/servlet/FilterChain;)V (66 bytes) @ 0x000000000459de3c [0x000000000459dc00+0x23c]
J 8541 C1 io.undertow.servlet.handlers.FilterHandler$FilterChainImpl.doFilter(Ljavax/servlet/ServletRequest;Ljavax/servlet/ServletResponse;)V (232 bytes) @ 0x0000000004586094 [0x0000000004585dc0+0x2d4]
j  org.springframework.web.filter.RequestContextFilter.doFilterInternal(Ljavax/servlet/http/HttpServletRequest;Ljavax/servlet/http/HttpServletResponse;Ljavax/servlet/FilterChain;)V+21
J 8832 C1 org.springframework.web.filter.OncePerRequestFilter.doFilter(Ljavax/servlet/ServletRequest;Ljavax/servlet/ServletResponse;Ljavax/servlet/FilterChain;)V (148 bytes) @ 0x00000000046179ec [0x0000000004617720+0x2cc]
J 8615 C1 io.undertow.servlet.core.ManagedFilter.doFilter(Ljavax/servlet/ServletRequest;Ljavax/servlet/ServletResponse;Ljavax/servlet/FilterChain;)V (66 bytes) @ 0x000000000459de3c [0x000000000459dc00+0x23c]
J 8541 C1 io.undertow.servlet.handlers.FilterHandler$FilterChainImpl.doFilter(Ljavax/servlet/ServletRequest;Ljavax/servlet/ServletResponse;)V (232 bytes) @ 0x0000000004586094 [0x0000000004585dc0+0x2d4]
j  org.springframework.web.filter.FormContentFilter.doFilterInternal(Ljavax/servlet/http/HttpServletRequest;Ljavax/servlet/http/HttpServletResponse;Ljavax/servlet/FilterChain;)V+38
J 8832 C1 org.springframework.web.filter.OncePerRequestFilter.doFilter(Ljavax/servlet/ServletRequest;Ljavax/servlet/ServletResponse;Ljavax/servlet/FilterChain;)V (148 bytes) @ 0x00000000046179ec [0x0000000004617720+0x2cc]
J 8615 C1 io.undertow.servlet.core.ManagedFilter.doFilter(Ljavax/servlet/ServletRequest;Ljavax/servlet/ServletResponse;Ljavax/servlet/FilterChain;)V (66 bytes) @ 0x000000000459de3c [0x000000000459dc00+0x23c]
J 8541 C1 io.undertow.servlet.handlers.FilterHandler$FilterChainImpl.doFilter(Ljavax/servlet/ServletRequest;Ljavax/servlet/ServletResponse;)V (232 bytes) @ 0x0000000004586094 [0x0000000004585dc0+0x2d4]
J 10591 C1 org.springframework.web.filter.HiddenHttpMethodFilter.doFilterInternal(Ljavax/servlet/http/HttpServletRequest;Ljavax/servlet/http/HttpServletResponse;Ljavax/servlet/FilterChain;)V (93 bytes) @ 0x000000000494e184 [0x000000000494df60+0x224]
J 8832 C1 org.springframework.web.filter.OncePerRequestFilter.doFilter(Ljavax/servlet/ServletRequest;Ljavax/servlet/ServletResponse;Ljavax/servlet/FilterChain;)V (148 bytes) @ 0x00000000046179ec [0x0000000004617720+0x2cc]
J 8615 C1 io.undertow.servlet.core.ManagedFilter.doFilter(Ljavax/servlet/ServletRequest;Ljavax/servlet/ServletResponse;Ljavax/servlet/FilterChain;)V (66 bytes) @ 0x000000000459de3c [0x000000000459dc00+0x23c]
J 8541 C1 io.undertow.servlet.handlers.FilterHandler$FilterChainImpl.doFilter(Ljavax/servlet/ServletRequest;Ljavax/servlet/ServletResponse;)V (232 bytes) @ 0x0000000004586094 [0x0000000004585dc0+0x2d4]
j  org.springframework.boot.actuate.metrics.web.servlet.WebMvcMetricsFilter.filterAndRecordMetrics(Ljavax/servlet/http/HttpServletRequest;Ljavax/servlet/http/HttpServletResponse;Ljavax/servlet/FilterChain;)V+21
j  org.springframework.boot.actuate.metrics.web.servlet.WebMvcMetricsFilter.doFilterInternal(Ljavax/servlet/http/HttpServletRequest;Ljavax/servlet/http/HttpServletResponse;Ljavax/servlet/FilterChain;)V+4
J 8832 C1 org.springframework.web.filter.OncePerRequestFilter.doFilter(Ljavax/servlet/ServletRequest;Ljavax/servlet/ServletResponse;Ljavax/servlet/FilterChain;)V (148 bytes) @ 0x00000000046179ec [0x0000000004617720+0x2cc]
J 8615 C1 io.undertow.servlet.core.ManagedFilter.doFilter(Ljavax/servlet/ServletRequest;Ljavax/servlet/ServletResponse;Ljavax/servlet/FilterChain;)V (66 bytes) @ 0x000000000459de3c [0x000000000459dc00+0x23c]
J 8541 C1 io.undertow.servlet.handlers.FilterHandler$FilterChainImpl.doFilter(Ljavax/servlet/ServletRequest;Ljavax/servlet/ServletResponse;)V (232 bytes) @ 0x0000000004586094 [0x0000000004585dc0+0x2d4]
j  org.springframework.web.filter.CharacterEncodingFilter.doFilterInternal(Ljavax/servlet/http/HttpServletRequest;Ljavax/servlet/http/HttpServletResponse;Ljavax/servlet/FilterChain;)V+53
J 8832 C1 org.springframework.web.filter.OncePerRequestFilter.doFilter(Ljavax/servlet/ServletRequest;Ljavax/servlet/ServletResponse;Ljavax/servlet/FilterChain;)V (148 bytes) @ 0x00000000046179ec [0x0000000004617720+0x2cc]
J 8615 C1 io.undertow.servlet.core.ManagedFilter.doFilter(Ljavax/servlet/ServletRequest;Ljavax/servlet/ServletResponse;Ljavax/servlet/FilterChain;)V (66 bytes) @ 0x000000000459de3c [0x000000000459dc00+0x23c]
J 8541 C1 io.undertow.servlet.handlers.FilterHandler$FilterChainImpl.doFilter(Ljavax/servlet/ServletRequest;Ljavax/servlet/ServletResponse;)V (232 bytes) @ 0x0000000004586094 [0x0000000004585dc0+0x2d4]
J 10853 C1 io.undertow.servlet.handlers.FilterHandler.handleRequest(Lio/undertow/server/HttpServerExchange;)V (126 bytes) @ 0x00000000049d9dcc [0x00000000049d9ac0+0x30c]
J 10851 C1 io.undertow.servlet.handlers.security.ServletSecurityRoleHandler.handleRequest(Lio/undertow/server/HttpServerExchange;)V (110 bytes) @ 0x00000000049d7fa4 [0x00000000049d7dc0+0x1e4]
J 10850 C1 io.undertow.servlet.handlers.ServletChain$1.handleRequest(Lio/undertow/server/HttpServerExchange;)V (68 bytes) @ 0x00000000049d7754 [0x00000000049d7520+0x234]
J 10849 C1 io.undertow.servlet.handlers.ServletDispatchingHandler.handleRequest(Lio/undertow/server/HttpServerExchange;)V (25 bytes) @ 0x00000000049d70dc [0x00000000049d7000+0xdc]
J 10848 C1 io.undertow.servlet.handlers.security.SSLInformationAssociationHandler.handleRequest(Lio/undertow/server/HttpServerExchange;)V (107 bytes) @ 0x00000000049d6854 [0x00000000049d65a0+0x2b4]
J 10845 C1 io.undertow.servlet.handlers.security.ServletAuthenticationCallHandler.handleRequest(Lio/undertow/server/HttpServerExchange;)V (96 bytes) @ 0x00000000049d537c [0x00000000049d5160+0x21c]
J 9043 C1 io.undertow.server.handlers.PredicateHandler.handleRequest(Lio/undertow/server/HttpServerExchange;)V (33 bytes) @ 0x000000000468a824 [0x000000000468a780+0xa4]
J 10841 C1 io.undertow.security.handlers.AbstractConfidentialityHandler.handleRequest(Lio/undertow/server/HttpServerExchange;)V (97 bytes) @ 0x00000000049d39f4 [0x00000000049d36e0+0x314]
J 10838 C1 io.undertow.servlet.handlers.security.ServletConfidentialityConstraintHandler.handleRequest(Lio/undertow/server/HttpServerExchange;)V (103 bytes) @ 0x00000000049d29dc [0x00000000049d2780+0x25c]
J 10466 C1 io.undertow.security.handlers.AuthenticationMechanismsHandler.handleRequest(Lio/undertow/server/HttpServerExchange;)V (64 bytes) @ 0x000000000490e83c [0x000000000490e6a0+0x19c]
J 10710 C1 io.undertow.servlet.handlers.security.CachedAuthenticatedSessionHandler.handleRequest(Lio/undertow/server/HttpServerExchange;)V (57 bytes) @ 0x00000000049905cc [0x00000000049904a0+0x12c]
J 10702 C1 io.undertow.security.handlers.AbstractSecurityContextAssociationHandler.handleRequest(Lio/undertow/server/HttpServerExchange;)V (20 bytes) @ 0x000000000498dda4 [0x000000000498dc40+0x164]
J 9043 C1 io.undertow.server.handlers.PredicateHandler.handleRequest(Lio/undertow/server/HttpServerExchange;)V (33 bytes) @ 0x000000000468a824 [0x000000000468a780+0xa4]
J 9043 C1 io.undertow.server.handlers.PredicateHandler.handleRequest(Lio/undertow/server/HttpServerExchange;)V (33 bytes) @ 0x000000000468a824 [0x000000000468a780+0xa4]
J 10700 C1 io.undertow.servlet.handlers.ServletInitialHandler.handleFirstRequest(Lio/undertow/server/HttpServerExchange;Lio/undertow/servlet/handlers/ServletRequestContext;)V (555 bytes) @ 0x000000000498a1d4 [0x0000000004989f00+0x2d4]
J 10697 C1 io.undertow.servlet.handlers.ServletInitialHandler$2.call(Lio/undertow/server/HttpServerExchange;Ljava/lang/Object;)Ljava/lang/Object; (10 bytes) @ 0x00000000049891d4 [0x0000000004989140+0x94]
J 10248 C1 io.undertow.servlet.core.ServletRequestContextThreadSetupAction$1.call(Lio/undertow/server/HttpServerExchange;Ljava/lang/Object;)Ljava/lang/Object; (67 bytes) @ 0x00000000048a8a24 [0x00000000048a87c0+0x264]
J 9974 C1 io.undertow.servlet.core.ContextClassLoaderSetupAction$1.call(Lio/undertow/server/HttpServerExchange;Ljava/lang/Object;)Ljava/lang/Object; (43 bytes) @ 0x0000000004814b74 [0x00000000048148c0+0x2b4]
J 10588 C1 io.undertow.servlet.handlers.ServletInitialHandler.dispatchRequest(Lio/undertow/server/HttpServerExchange;Lio/undertow/servlet/handlers/ServletRequestContext;Lio/undertow/servlet/handlers/ServletChain;Ljavax/servlet/DispatcherType;)V (53 bytes) @ 0x000000000494d54c [0x000000000494d480+0xcc]
J 10586 C1 io.undertow.servlet.handlers.ServletInitialHandler$1.handleRequest(Lio/undertow/server/HttpServerExchange;)V (54 bytes) @ 0x000000000494cb5c [0x000000000494ca40+0x11c]
J 9689 C1 io.undertow.server.Connectors.executeRootHandler(Lio/undertow/server/HttpHandler;Lio/undertow/server/HttpServerExchange;)V (232 bytes) @ 0x0000000004793b6c [0x0000000004793b20+0x4c]
J 10465 C1 io.undertow.server.HttpServerExchange$1.run()V (12 bytes) @ 0x00000000049143ac [0x0000000004914360+0x4c]
j  java.util.concurrent.ThreadPoolExecutor.runWorker(Ljava/util/concurrent/ThreadPoolExecutor$Worker;)V+95
j  java.util.concurrent.ThreadPoolExecutor$Worker.run()V+5
j  java.lang.Thread.run()V+11
v  ~StubRoutines::call_stub

---------------  P R O C E S S  ---------------

Java Threads: ( => current thread )
  0x0000000022b17800 JavaThread "lettuce-nioEventLoop-4-4" daemon [_thread_in_native, id=18464, stack(0x00000000284a0000,0x00000000285a0000)]
  0x0000000022b19000 JavaThread "lettuce-nioEventLoop-4-3" daemon [_thread_in_native, id=17064, stack(0x000000002beb0000,0x000000002bfb0000)]
  0x0000000022b18800 JavaThread "lettuce-timer-3-1" [_thread_blocked, id=17036, stack(0x0000000029cb0000,0x0000000029db0000)]
  0x0000000022b1b800 JavaThread "pool-1-thread-6" [_thread_blocked, id=16988, stack(0x00000000286a0000,0x00000000287a0000)]
  0x0000000022b17000 JavaThread "AMQP Connection 192.168.1.185:5672" [_thread_in_native, id=16944, stack(0x00000000285a0000,0x00000000286a0000)]
  0x0000000022b14000 JavaThread "XNIO-1 task-32" [_thread_blocked, id=72, stack(0x000000002bdb0000,0x000000002beb0000)]
  0x0000000022b13000 JavaThread "XNIO-1 task-31" [_thread_blocked, id=13852, stack(0x000000002bcb0000,0x000000002bdb0000)]
  0x0000000022b10000 JavaThread "XNIO-1 task-30" [_thread_blocked, id=14568, stack(0x000000002bbb0000,0x000000002bcb0000)]
  0x0000000022b12800 JavaThread "XNIO-1 task-29" [_thread_blocked, id=14972, stack(0x000000002bab0000,0x000000002bbb0000)]
  0x0000000022b11800 JavaThread "XNIO-1 task-28" [_thread_blocked, id=12476, stack(0x00000000217f0000,0x00000000218f0000)]
  0x0000000022b0c800 JavaThread "XNIO-1 task-27" [_thread_blocked, id=14748, stack(0x000000002b9b0000,0x000000002bab0000)]
  0x0000000022b0f800 JavaThread "XNIO-1 task-26" [_thread_blocked, id=15100, stack(0x000000002b8b0000,0x000000002b9b0000)]
  0x0000000022b0e000 JavaThread "XNIO-1 task-25" [_thread_blocked, id=9604, stack(0x000000002b7b0000,0x000000002b8b0000)]
  0x0000000022b11000 JavaThread "XNIO-1 task-24" [_thread_blocked, id=2536, stack(0x000000002b6b0000,0x000000002b7b0000)]
  0x0000000022b0e800 JavaThread "XNIO-1 task-23" [_thread_blocked, id=14692, stack(0x000000002b5b0000,0x000000002b6b0000)]
  0x0000000026960000 JavaThread "XNIO-1 task-22" [_thread_blocked, id=14788, stack(0x000000002b4b0000,0x000000002b5b0000)]
=>0x00000000268de800 JavaThread "XNIO-1 task-21" [_thread_in_vm, id=14676, stack(0x000000002b3b0000,0x000000002b4b0000)]
  0x00000000268de000 JavaThread "XNIO-1 task-20" [_thread_blocked, id=14780, stack(0x000000002b2b0000,0x000000002b3b0000)]
  0x00000000268dd000 JavaThread "XNIO-1 task-19" [_thread_blocked, id=15340, stack(0x000000002b1b0000,0x000000002b2b0000)]
  0x00000000268dc800 JavaThread "XNIO-1 task-18" [_thread_blocked, id=15184, stack(0x000000002b0b0000,0x000000002b1b0000)]
  0x00000000268db800 JavaThread "XNIO-1 task-17" [_thread_blocked, id=8540, stack(0x000000002afb0000,0x000000002b0b0000)]
  0x00000000268df800 JavaThread "XNIO-1 task-16" [_thread_blocked, id=14924, stack(0x000000002aeb0000,0x000000002afb0000)]
  0x00000000268db000 JavaThread "XNIO-1 task-15" [_thread_blocked, id=14600, stack(0x000000002adb0000,0x000000002aeb0000)]
  0x00000000268d3800 JavaThread "XNIO-1 task-14" [_thread_blocked, id=15240, stack(0x000000002acb0000,0x000000002adb0000)]
  0x00000000268da000 JavaThread "XNIO-1 task-13" [_thread_blocked, id=14636, stack(0x000000002abb0000,0x000000002acb0000)]
  0x00000000268d2800 JavaThread "XNIO-1 task-12" [_thread_blocked, id=14400, stack(0x000000002aab0000,0x000000002abb0000)]
  0x00000000268d9800 JavaThread "XNIO-1 task-11" [_thread_blocked, id=15328, stack(0x00000000282a0000,0x00000000283a0000)]
  0x00000000268d8800 JavaThread "XNIO-1 task-10" [_thread_blocked, id=14824, stack(0x00000000281a0000,0x00000000282a0000)]
  0x00000000268d1000 JavaThread "XNIO-1 task-9" [_thread_blocked, id=1640, stack(0x0000000023bc0000,0x0000000023cc0000)]
  0x00000000268d2000 JavaThread "XNIO-1 task-8" [_thread_blocked, id=5988, stack(0x00000000216f0000,0x00000000217f0000)]
  0x00000000268d8000 JavaThread "XNIO-1 task-7" [_thread_blocked, id=13876, stack(0x000000001f520000,0x000000001f620000)]
  0x00000000268d5000 JavaThread "XNIO-1 task-6" [_thread_blocked, id=10128, stack(0x000000002a9b0000,0x000000002aab0000)]
  0x00000000268d7000 JavaThread "XNIO-1 task-5" [_thread_blocked, id=5016, stack(0x000000002a8b0000,0x000000002a9b0000)]
  0x00000000268d0800 JavaThread "Druid-ConnectionPool-Destroy-473196777" daemon [_thread_blocked, id=5588, stack(0x000000002a5b0000,0x000000002a6b0000)]
  0x00000000268d4000 JavaThread "Druid-ConnectionPool-Create-473196777" daemon [_thread_blocked, id=916, stack(0x000000002a4b0000,0x000000002a5b0000)]
  0x00000000268d6800 JavaThread "mysql-cj-abandoned-connection-cleanup" daemon [_thread_blocked, id=13820, stack(0x000000002a3b0000,0x000000002a4b0000)]
  0x00000000268d5800 JavaThread "XNIO-1 task-4" [_thread_blocked, id=5844, stack(0x000000002a0b0000,0x000000002a1b0000)]
  0x000000002258f800 JavaThread "parallel-4" daemon [_thread_blocked, id=13644, stack(0x0000000002a80000,0x0000000002b80000)]
  0x000000002258d800 JavaThread "XNIO-1 task-3" [_thread_blocked, id=8004, stack(0x0000000001150000,0x0000000001250000)]
  0x0000000026965800 JavaThread "parallel-3" daemon [_thread_blocked, id=10556, stack(0x0000000029fb0000,0x000000002a0b0000)]
  0x0000000026964000 JavaThread "XNIO-1 task-2" [_thread_blocked, id=14116, stack(0x0000000029eb0000,0x0000000029fb0000)]
  0x0000000026963000 JavaThread "parallel-2" daemon [_thread_blocked, id=12108, stack(0x0000000029db0000,0x0000000029eb0000)]
  0x0000000026962800 JavaThread "XNIO-1 task-1" [_thread_blocked, id=13744, stack(0x0000000025dd0000,0x0000000025ed0000)]
  0x0000000026967800 JavaThread "elastic-evictor-1" daemon [_thread_blocked, id=6944, stack(0x00000000299b0000,0x0000000029ab0000)]
  0x0000000026967000 JavaThread "lettuce-eventExecutorLoop-1-4" daemon [_thread_blocked, id=6088, stack(0x00000000298b0000,0x00000000299b0000)]
  0x0000000026961800 JavaThread "lettuce-nioEventLoop-4-2" daemon [_thread_in_native, id=5932, stack(0x00000000287a0000,0x00000000288a0000)]
  0x0000000026966000 JavaThread "parallel-1" daemon [_thread_blocked, id=2080, stack(0x00000000283a0000,0x00000000284a0000)]
  0x0000000026961000 JavaThread "DestroyJavaVM" [_thread_blocked, id=8996, stack(0x00000000030b0000,0x00000000031b0000)]
  0x0000000026958800 JavaThread "XNIO-1 Accept" [_thread_in_native, id=6948, stack(0x0000000027fa0000,0x00000000280a0000)]
  0x000000002695b800 JavaThread "XNIO-1 I/O-4" [_thread_in_native, id=10232, stack(0x0000000027ea0000,0x0000000027fa0000)]
  0x000000002695c800 JavaThread "XNIO-1 I/O-3" [_thread_in_native, id=9628, stack(0x0000000027da0000,0x0000000027ea0000)]
  0x000000002695f800 JavaThread "XNIO-1 I/O-2" [_thread_in_native, id=1984, stack(0x0000000027ca0000,0x0000000027da0000)]
  0x0000000026959800 JavaThread "XNIO-1 I/O-1" [_thread_in_native, id=3488, stack(0x0000000025fd0000,0x00000000260d0000)]
  0x000000002695e000 JavaThread "pool-3-thread-1" [_thread_in_native, id=12920, stack(0x00000000279a0000,0x0000000027aa0000)]
  0x0000000022591000 JavaThread "configWatchTaskScheduler-1" [_thread_in_native, id=1976, stack(0x00000000278a0000,0x00000000279a0000)]
  0x0000000022590800 JavaThread "catalogWatchTaskScheduler-1" [_thread_in_native, id=6548, stack(0x0000000025ed0000,0x0000000025fd0000)]
  0x0000000022592800 JavaThread "spring.cloud.inetutils" daemon [_thread_blocked, id=5660, stack(0x00000000258d0000,0x00000000259d0000)]
  0x000000002258e000 JavaThread "lettuce-eventExecutorLoop-1-3" daemon [_thread_blocked, id=3308, stack(0x00000000255d0000,0x00000000256d0000)]
  0x0000000022592000 JavaThread "SimplePauseDetectorThread_2" daemon [_thread_blocked, id=4556, stack(0x00000000254d0000,0x00000000255d0000)]
  0x000000002258f000 JavaThread "SimplePauseDetectorThread_1" daemon [_thread_blocked, id=1800, stack(0x00000000253d0000,0x00000000254d0000)]
  0x0000000022594000 JavaThread "SimplePauseDetectorThread_0" daemon [_thread_blocked, id=13352, stack(0x00000000252d0000,0x00000000253d0000)]
  0x000000002257b000 JavaThread "Thread-15" daemon [_thread_blocked, id=5316, stack(0x00000000250d0000,0x00000000251d0000)]
  0x0000000022554800 JavaThread "lettuce-eventExecutorLoop-1-2" daemon [_thread_blocked, id=6152, stack(0x0000000024fd0000,0x00000000250d0000)]
  0x00000000224df000 JavaThread "lettuce-nioEventLoop-4-1" daemon [_thread_in_native, id=14044, stack(0x0000000023cc0000,0x0000000023dc0000)]
  0x0000000020285800 JavaThread "lettuce-eventExecutorLoop-1-1" daemon [_thread_blocked, id=1320, stack(0x00000000236c0000,0x00000000237c0000)]
  0x000000001fb4d800 JavaThread "RMI Scheduler(0)" daemon [_thread_blocked, id=13360, stack(0x0000000020df0000,0x0000000020ef0000)]
  0x000000001eeb4800 JavaThread "RMI TCP Accept-0" daemon [_thread_in_native, id=8244, stack(0x000000001f320000,0x000000001f420000)]
  0x000000001eca4800 JavaThread "Service Thread" daemon [_thread_blocked, id=11760, stack(0x000000001f220000,0x000000001f320000)]
  0x000000001ec9f800 JavaThread "C1 CompilerThread2" daemon [_thread_blocked, id=12804, stack(0x000000001f120000,0x000000001f220000)]
  0x000000001ec48800 JavaThread "C2 CompilerThread1" daemon [_thread_blocked, id=2576, stack(0x000000001f020000,0x000000001f120000)]
  0x000000001ec47800 JavaThread "C2 CompilerThread0" daemon [_thread_blocked, id=10520, stack(0x000000001ef20000,0x000000001f020000)]
  0x000000001caf1000 JavaThread "JDWP Command Reader" daemon [_thread_in_native, id=6212, stack(0x000000001e620000,0x000000001e720000)]
  0x000000001caed800 JavaThread "JDWP Event Helper Thread" daemon [_thread_blocked, id=1164, stack(0x000000001e520000,0x000000001e620000)]
  0x000000001caea800 JavaThread "JDWP Transport Listener: dt_shmem" daemon [_thread_blocked, id=11772, stack(0x000000001e420000,0x000000001e520000)]
  0x000000001caca800 JavaThread "Attach Listener" daemon [_thread_blocked, id=12840, stack(0x000000001e320000,0x000000001e420000)]
  0x000000001cadb800 JavaThread "Signal Dispatcher" daemon [_thread_blocked, id=8416, stack(0x000000001e220000,0x000000001e320000)]
  0x000000000336d800 JavaThread "Finalizer" daemon [_thread_blocked, id=11520, stack(0x000000001dd20000,0x000000001de20000)]
  0x000000000336a000 JavaThread "Reference Handler" daemon [_thread_blocked, id=9204, stack(0x000000001dc20000,0x000000001dd20000)]

Other Threads:
  0x000000001ca77000 VMThread [stack: 0x000000001db20000,0x000000001dc20000] [id=6776]
  0x000000001eecc000 WatcherThread [stack: 0x000000001f420000,0x000000001f520000] [id=8564]

VM state:not at safepoint (normal execution)

VM Mutex/Monitor currently owned by a thread: None

Heap:
 PSYoungGen      total 485376K, used 138707K [0x000000076b900000, 0x000000078be80000, 0x00000007c0000000)
  eden space 473600K, 26% used [0x000000076b900000,0x00000007735320d0,0x0000000788780000)
  from space 11776K, 97% used [0x000000078a480000,0x000000078afc2b90,0x000000078b000000)
  to   space 14848K, 0% used [0x000000078b000000,0x000000078b000000,0x000000078be80000)
 ParOldGen       total 174592K, used 47297K [0x00000006c2a00000, 0x00000006cd480000, 0x000000076b900000)
  object space 174592K, 27% used [0x00000006c2a00000,0x00000006c5830678,0x00000006cd480000)
 Metaspace       used 74558K, capacity 78995K, committed 79232K, reserved 1118208K
  class space    used 9873K, capacity 10585K, committed 10624K, reserved 1048576K

Card table byte_map: [0x0000000012930000,0x0000000013120000] byte_map_base: 0x000000000f31b000

Marking Bits: (ParMarkBitMap*) 0x0000000052f50600
 Begin Bits: [0x0000000013a70000, 0x00000000179c8000)
 End Bits:   [0x00000000179c8000, 0x000000001b920000)

Polling page: 0x0000000001010000

CodeCache: size=245760Kb used=21156Kb max_used=21156Kb free=224603Kb
 bounds [0x0000000003570000, 0x0000000004a20000, 0x0000000012570000]
 total_blobs=11481 nmethods=10849 adapters=551
 compilation: enabled

Compilation events (10 events):
Event: 21364.563 Thread 0x000000001ec9f800 11003       1       org.apache.ibatis.reflection.wrapper.BeanWrapper::set (38 bytes)
Event: 21364.563 Thread 0x000000001ec9f800 nmethod 11003 0x0000000004a1a410 code [0x0000000004a1a5a0, 0x0000000004a1a7d8]
Event: 21364.563 Thread 0x000000001ec9f800 10998       1       com.mysql.cj.util.LazyString::toString (17 bytes)
Event: 21364.564 Thread 0x000000001ec9f800 nmethod 10998 0x0000000004a1a990 code [0x0000000004a1aae0, 0x0000000004a1ac28]
Event: 21364.564 Thread 0x000000001ec9f800 11001       1       org.apache.ibatis.mapping.ResultMap::getPropertyResultMappings (5 bytes)
Event: 21364.564 Thread 0x000000001ec9f800 nmethod 11001 0x0000000004a1acd0 code [0x0000000004a1ae20, 0x0000000004a1af30]
Event: 22108.975 Thread 0x000000001ec9f800 11008       1       sun.util.locale.StringTokenIterator::isDone (5 bytes)
Event: 22108.975 Thread 0x000000001ec9f800 nmethod 11008 0x0000000004a1af90 code [0x0000000004a1b0e0, 0x0000000004a1b1f0]
Event: 22109.003 Thread 0x000000001ec9f800 11009       1       com.google.common.collect.RegularImmutableList::size (5 bytes)
Event: 22109.004 Thread 0x000000001ec9f800 nmethod 11009 0x0000000004a1b250 code [0x0000000004a1b3a0, 0x0000000004a1b4b0]

GC Heap History (10 events):
Event: 20.511 GC heap before
{Heap before GC invocations=14 (full 2):
 PSYoungGen      total 292864K, used 221945K [0x000000076b900000, 0x0000000785480000, 0x00000007c0000000)
  eden space 275456K, 75% used [0x000000076b900000,0x0000000778352f88,0x000000077c600000)
  from space 17408K, 84% used [0x000000077c600000,0x000000077d46b4f0,0x000000077d700000)
  to   space 18432K, 0% used [0x0000000784280000,0x0000000784280000,0x0000000785480000)
 ParOldGen       total 128000K, used 25684K [0x00000006c2a00000, 0x00000006ca700000, 0x000000076b900000)
  object space 128000K, 20% used [0x00000006c2a00000,0x00000006c43151c0,0x00000006ca700000)
 Metaspace       used 56450K, capacity 59049K, committed 59096K, reserved 1099776K
  class space    used 7590K, capacity 8064K, committed 8064K, reserved 1048576K
Event: 20.520 GC heap after
Heap after GC invocations=14 (full 2):
 PSYoungGen      total 402944K, used 5975K [0x000000076b900000, 0x0000000785980000, 0x00000007c0000000)
  eden space 384512K, 0% used [0x000000076b900000,0x000000076b900000,0x0000000783080000)
  from space 18432K, 32% used [0x0000000784280000,0x0000000784855d48,0x0000000785480000)
  to   space 18432K, 0% used [0x0000000783080000,0x0000000783080000,0x0000000784280000)
 ParOldGen       total 128000K, used 33551K [0x00000006c2a00000, 0x00000006ca700000, 0x000000076b900000)
  object space 128000K, 26% used [0x00000006c2a00000,0x00000006c4ac3d98,0x00000006ca700000)
 Metaspace       used 56450K, capacity 59049K, committed 59096K, reserved 1099776K
  class space    used 7590K, capacity 8064K, committed 8064K, reserved 1048576K
}
Event: 20.520 GC heap before
{Heap before GC invocations=15 (full 3):
 PSYoungGen      total 402944K, used 5975K [0x000000076b900000, 0x0000000785980000, 0x00000007c0000000)
  eden space 384512K, 0% used [0x000000076b900000,0x000000076b900000,0x0000000783080000)
  from space 18432K, 32% used [0x0000000784280000,0x0000000784855d48,0x0000000785480000)
  to   space 18432K, 0% used [0x0000000783080000,0x0000000783080000,0x0000000784280000)
 ParOldGen       total 128000K, used 33551K [0x00000006c2a00000, 0x00000006ca700000, 0x000000076b900000)
  object space 128000K, 26% used [0x00000006c2a00000,0x00000006c4ac3d98,0x00000006ca700000)
 Metaspace       used 56450K, capacity 59049K, committed 59096K, reserved 1099776K
  class space    used 7590K, capacity 8064K, committed 8064K, reserved 1048576K
Event: 20.710 GC heap after
Heap after GC invocations=15 (full 3):
 PSYoungGen      total 402944K, used 0K [0x000000076b900000, 0x0000000785980000, 0x00000007c0000000)
  eden space 384512K, 0% used [0x000000076b900000,0x000000076b900000,0x0000000783080000)
  from space 18432K, 0% used [0x0000000784280000,0x0000000784280000,0x0000000785480000)
  to   space 18432K, 0% used [0x0000000783080000,0x0000000783080000,0x0000000784280000)
 ParOldGen       total 174592K, used 37661K [0x00000006c2a00000, 0x00000006cd480000, 0x000000076b900000)
  object space 174592K, 21% used [0x00000006c2a00000,0x00000006c4ec7568,0x00000006cd480000)
 Metaspace       used 56450K, capacity 59049K, committed 59096K, reserved 1099776K
  class space    used 7590K, capacity 8064K, committed 8064K, reserved 1048576K
}
Event: 24.590 GC heap before
{Heap before GC invocations=16 (full 3):
 PSYoungGen      total 402944K, used 384512K [0x000000076b900000, 0x0000000785980000, 0x00000007c0000000)
  eden space 384512K, 100% used [0x000000076b900000,0x0000000783080000,0x0000000783080000)
  from space 18432K, 0% used [0x0000000784280000,0x0000000784280000,0x0000000785480000)
  to   space 18432K, 0% used [0x0000000783080000,0x0000000783080000,0x0000000784280000)
 ParOldGen       total 174592K, used 37661K [0x00000006c2a00000, 0x00000006cd480000, 0x000000076b900000)
  object space 174592K, 21% used [0x00000006c2a00000,0x00000006c4ec7568,0x00000006cd480000)
 Metaspace       used 63164K, capacity 66757K, committed 66816K, reserved 1107968K
  class space    used 8537K, capacity 9160K, committed 9216K, reserved 1048576K
Event: 24.604 GC heap after
Heap after GC invocations=16 (full 3):
 PSYoungGen      total 402944K, used 16848K [0x000000076b900000, 0x000000078d180000, 0x00000007c0000000)
  eden space 384512K, 0% used [0x000000076b900000,0x000000076b900000,0x0000000783080000)
  from space 18432K, 91% used [0x0000000783080000,0x00000007840f4110,0x0000000784280000)
  to   space 19968K, 0% used [0x000000078be00000,0x000000078be00000,0x000000078d180000)
 ParOldGen       total 174592K, used 37669K [0x00000006c2a00000, 0x00000006cd480000, 0x000000076b900000)
  object space 174592K, 21% used [0x00000006c2a00000,0x00000006c4ec9568,0x00000006cd480000)
 Metaspace       used 63164K, capacity 66757K, committed 66816K, reserved 1107968K
  class space    used 8537K, capacity 9160K, committed 9216K, reserved 1048576K
}
Event: 704.760 GC heap before
{Heap before GC invocations=17 (full 3):
 PSYoungGen      total 402944K, used 401360K [0x000000076b900000, 0x000000078d180000, 0x00000007c0000000)
  eden space 384512K, 100% used [0x000000076b900000,0x0000000783080000,0x0000000783080000)
  from space 18432K, 91% used [0x0000000783080000,0x00000007840f4110,0x0000000784280000)
  to   space 19968K, 0% used [0x000000078be00000,0x000000078be00000,0x000000078d180000)
 ParOldGen       total 174592K, used 37669K [0x00000006c2a00000, 0x00000006cd480000, 0x000000076b900000)
  object space 174592K, 21% used [0x00000006c2a00000,0x00000006c4ec9568,0x00000006cd480000)
 Metaspace       used 73317K, capacity 77641K, committed 77952K, reserved 1116160K
  class space    used 9785K, capacity 10502K, committed 10624K, reserved 1048576K
Event: 704.779 GC heap after
Heap after GC invocations=17 (full 3):
 PSYoungGen      total 507904K, used 14745K [0x000000076b900000, 0x000000078cc80000, 0x00000007c0000000)
  eden space 493056K, 0% used [0x000000076b900000,0x000000076b900000,0x0000000789a80000)
  from space 14848K, 99% used [0x000000078be00000,0x000000078cc66770,0x000000078cc80000)
  to   space 20480K, 0% used [0x000000078a480000,0x000000078a480000,0x000000078b880000)
 ParOldGen       total 174592K, used 47289K [0x00000006c2a00000, 0x00000006cd480000, 0x000000076b900000)
  object space 174592K, 27% used [0x00000006c2a00000,0x00000006c582e678,0x00000006cd480000)
 Metaspace       used 73317K, capacity 77641K, committed 77952K, reserved 1116160K
  class space    used 9785K, capacity 10502K, committed 10624K, reserved 1048576K
}
Event: 19561.170 GC heap before
{Heap before GC invocations=18 (full 3):
 PSYoungGen      total 507904K, used 507801K [0x000000076b900000, 0x000000078cc80000, 0x00000007c0000000)
  eden space 493056K, 100% used [0x000000076b900000,0x0000000789a80000,0x0000000789a80000)
  from space 14848K, 99% used [0x000000078be00000,0x000000078cc66770,0x000000078cc80000)
  to   space 20480K, 0% used [0x000000078a480000,0x000000078a480000,0x000000078b880000)
 ParOldGen       total 174592K, used 47289K [0x00000006c2a00000, 0x00000006cd480000, 0x000000076b900000)
  object space 174592K, 27% used [0x00000006c2a00000,0x00000006c582e678,0x00000006cd480000)
 Metaspace       used 74256K, capacity 78701K, committed 78976K, reserved 1118208K
  class space    used 9826K, capacity 10552K, committed 10624K, reserved 1048576K
Event: 19561.255 GC heap after
Heap after GC invocations=18 (full 3):
 PSYoungGen      total 485376K, used 11530K [0x000000076b900000, 0x000000078be80000, 0x00000007c0000000)
  eden space 473600K, 0% used [0x000000076b900000,0x000000076b900000,0x0000000788780000)
  from space 11776K, 97% used [0x000000078a480000,0x000000078afc2b90,0x000000078b000000)
  to   space 14848K, 0% used [0x000000078b000000,0x000000078b000000,0x000000078be80000)
 ParOldGen       total 174592K, used 47297K [0x00000006c2a00000, 0x00000006cd480000, 0x000000076b900000)
  object space 174592K, 27% used [0x00000006c2a00000,0x00000006c5830678,0x00000006cd480000)
 Metaspace       used 74256K, capacity 78701K, committed 78976K, reserved 1118208K
  class space    used 9826K, capacity 10552K, committed 10624K, reserved 1048576K
}

Deoptimization events (0 events):
No events

Internal exceptions (10 events):
Event: 22010.361 Thread 0x00000000268d3800 Exception <a 'java/net/SocketTimeoutException': Read timed out> (0x0000000770685d90) thrown at [D:\re\puppet\workspace\8-2-build-windows-amd64-cygwin\jdk8u73\6086\hotspot\src\share\vm\prims\jni.cpp, line 735]
Event: 22017.784 Thread 0x0000000022b17000 Exception <a 'java/net/SocketTimeoutException': Read timed out> (0x000000076c425858) thrown at [D:\re\puppet\workspace\8-2-build-windows-amd64-cygwin\jdk8u73\6086\hotspot\src\share\vm\prims\jni.cpp, line 735]
Event: 22025.415 Thread 0x00000000268db000 Exception <a 'java/net/SocketTimeoutException': Read timed out> (0x00000007706f8f40) thrown at [D:\re\puppet\workspace\8-2-build-windows-amd64-cygwin\jdk8u73\6086\hotspot\src\share\vm\prims\jni.cpp, line 735]
Event: 22040.529 Thread 0x00000000268df800 Exception <a 'java/net/SocketTimeoutException': Read timed out> (0x000000077076ce68) thrown at [D:\re\puppet\workspace\8-2-build-windows-amd64-cygwin\jdk8u73\6086\hotspot\src\share\vm\prims\jni.cpp, line 735]
Event: 22047.752 Thread 0x0000000022b17000 Exception <a 'java/net/SocketTimeoutException': Read timed out> (0x000000076c425ae0) thrown at [D:\re\puppet\workspace\8-2-build-windows-amd64-cygwin\jdk8u73\6086\hotspot\src\share\vm\prims\jni.cpp, line 735]
Event: 22055.669 Thread 0x00000000268db800 Exception <a 'java/net/SocketTimeoutException': Read timed out> (0x00000007707dfc00) thrown at [D:\re\puppet\workspace\8-2-build-windows-amd64-cygwin\jdk8u73\6086\hotspot\src\share\vm\prims\jni.cpp, line 735]
Event: 22077.752 Thread 0x0000000022b17000 Exception <a 'java/net/SocketTimeoutException': Read timed out> (0x000000076c425d68) thrown at [D:\re\puppet\workspace\8-2-build-windows-amd64-cygwin\jdk8u73\6086\hotspot\src\share\vm\prims\jni.cpp, line 735]
Event: 22107.751 Thread 0x0000000022b17000 Exception <a 'java/net/SocketTimeoutException': Read timed out> (0x000000076c425ff0) thrown at [D:\re\puppet\workspace\8-2-build-windows-amd64-cygwin\jdk8u73\6086\hotspot\src\share\vm\prims\jni.cpp, line 735]
Event: 22108.973 Thread 0x000000002695b800 Exception <a 'sun/nio/fs/WindowsException'> (0x000000076ca00980) thrown at [D:\re\puppet\workspace\8-2-build-windows-amd64-cygwin\jdk8u73\6086\hotspot\src\share\vm\prims\jni.cpp, line 709]
Event: 22108.973 Thread 0x000000002695b800 Exception <a 'sun/nio/fs/WindowsException'> (0x000000076ca01010) thrown at [D:\re\puppet\workspace\8-2-build-windows-amd64-cygwin\jdk8u73\6086\hotspot\src\share\vm\prims\jni.cpp, line 709]

Events (10 events):
Event: 22109.015 Thread 0x00000000268de800 DEOPT PACKING pc=0x0000000003ef058c sp=0x000000002b4aa300
Event: 22109.015 Thread 0x00000000268de800 DEOPT UNPACKING pc=0x00000000035b787f sp=0x000000002b4aa120 mode 1
Event: 22109.016 loading class io/swagger/models/properties/ArrayProperty
Event: 22109.016 loading class io/swagger/models/properties/ArrayProperty done
Event: 22109.016 Thread 0x00000000268de800 DEOPT PACKING pc=0x0000000003755cd1 sp=0x000000002b4aa410
Event: 22109.016 Thread 0x00000000268de800 DEOPT UNPACKING pc=0x00000000035b787f sp=0x000000002b4aa160 mode 1
Event: 22109.016 Thread 0x00000000268de800 DEOPT PACKING pc=0x0000000003ef0644 sp=0x000000002b4aa490
Event: 22109.016 Thread 0x00000000268de800 DEOPT UNPACKING pc=0x00000000035b787f sp=0x000000002b4aa2b0 mode 1
Event: 22109.016 Thread 0x00000000268de800 DEOPT PACKING pc=0x0000000003ef058c sp=0x000000002b4aa620
Event: 22109.016 Thread 0x00000000268de800 DEOPT UNPACKING pc=0x00000000035b787f sp=0x000000002b4aa440 mode 1


Dynamic libraries:
0x00007ff75f190000 - 0x00007ff75f1c7000 	C:\Program Files\Java\jdk1.8.0_73\bin\java.exe
0x00007fff77420000 - 0x00007fff77610000 	C:\WINDOWS\SYSTEM32\ntdll.dll
0x00007fff770a0000 - 0x00007fff77152000 	C:\WINDOWS\System32\KERNEL32.DLL
0x00007fff74d20000 - 0x00007fff74fc4000 	C:\WINDOWS\System32\KERNELBASE.dll
0x00007fff76140000 - 0x00007fff761e3000 	C:\WINDOWS\System32\ADVAPI32.dll
0x00007fff75cb0000 - 0x00007fff75d4e000 	C:\WINDOWS\System32\msvcrt.dll
0x00007fff760a0000 - 0x00007fff76137000 	C:\WINDOWS\System32\sechost.dll
0x00007fff76aa0000 - 0x00007fff76bc0000 	C:\WINDOWS\System32\RPCRT4.dll
0x00007fff766e0000 - 0x00007fff76874000 	C:\WINDOWS\System32\USER32.dll
0x00007fff744f0000 - 0x00007fff74511000 	C:\WINDOWS\System32\win32u.dll
0x00007fff76680000 - 0x00007fff766a6000 	C:\WINDOWS\System32\GDI32.dll
0x00007fff74fd0000 - 0x00007fff75165000 	C:\WINDOWS\System32\gdi32full.dll
0x00007fff75270000 - 0x00007fff7530e000 	C:\WINDOWS\System32\msvcp_win.dll
0x00007fff75170000 - 0x00007fff7526a000 	C:\WINDOWS\System32\ucrtbase.dll
0x00007fff65bb0000 - 0x00007fff65e34000 	C:\WINDOWS\WinSxS\amd64_microsoft.windows.common-controls_6595b64144ccf1df_6.0.18362.900_none_e6beb9d913147d17\COMCTL32.dll
0x00007fff75d50000 - 0x00007fff76085000 	C:\WINDOWS\System32\combase.dll
0x00007fff74ca0000 - 0x00007fff74d20000 	C:\WINDOWS\System32\bcryptPrimitives.dll
0x00007fff766b0000 - 0x00007fff766de000 	C:\WINDOWS\System32\IMM32.DLL
0x0000000052fd0000 - 0x00000000530a2000 	C:\Program Files\Java\jdk1.8.0_73\jre\bin\msvcr100.dll
0x0000000052740000 - 0x0000000052fd0000 	C:\Program Files\Java\jdk1.8.0_73\jre\bin\server\jvm.dll
0x00007fff76090000 - 0x00007fff76098000 	C:\WINDOWS\System32\PSAPI.DLL
0x00007fff70b70000 - 0x00007fff70b79000 	C:\WINDOWS\SYSTEM32\WSOCK32.dll
0x00007fff75c40000 - 0x00007fff75caf000 	C:\WINDOWS\System32\WS2_32.dll
0x00007fff72320000 - 0x00007fff72344000 	C:\WINDOWS\SYSTEM32\WINMM.dll
0x00007fff67a00000 - 0x00007fff67a0a000 	C:\WINDOWS\SYSTEM32\VERSION.dll
0x00007fff72210000 - 0x00007fff7223d000 	C:\WINDOWS\SYSTEM32\WINMMBASE.dll
0x00007fff75310000 - 0x00007fff7535a000 	C:\WINDOWS\System32\cfgmgr32.dll
0x0000000052730000 - 0x000000005273f000 	C:\Program Files\Java\jdk1.8.0_73\jre\bin\verify.dll
0x0000000052700000 - 0x0000000052729000 	C:\Program Files\Java\jdk1.8.0_73\jre\bin\java.dll
0x0000000052660000 - 0x0000000052695000 	C:\Program Files\Java\jdk1.8.0_73\jre\bin\jdwp.dll
0x0000000052650000 - 0x0000000052658000 	C:\Program Files\Java\jdk1.8.0_73\jre\bin\npt.dll
0x0000000052620000 - 0x0000000052643000 	C:\Program Files\Java\jdk1.8.0_73\jre\bin\instrument.dll
0x00000000526e0000 - 0x00000000526f6000 	C:\Program Files\Java\jdk1.8.0_73\jre\bin\zip.dll
0x00007fff754d0000 - 0x00007fff75bb6000 	C:\WINDOWS\System32\SHELL32.dll
0x00007fff76350000 - 0x00007fff763f9000 	C:\WINDOWS\System32\shcore.dll
0x00007fff74520000 - 0x00007fff74ca0000 	C:\WINDOWS\System32\windows.storage.dll
0x00007fff74360000 - 0x00007fff74383000 	C:\WINDOWS\System32\profapi.dll
0x00007fff74310000 - 0x00007fff7435a000 	C:\WINDOWS\System32\powrprof.dll
0x00007fff742e0000 - 0x00007fff742f0000 	C:\WINDOWS\System32\UMPDC.dll
0x00007fff76bc0000 - 0x00007fff76c12000 	C:\WINDOWS\System32\shlwapi.dll
0x00007fff742f0000 - 0x00007fff74301000 	C:\WINDOWS\System32\kernel.appcore.dll
0x00007fff754b0000 - 0x00007fff754c7000 	C:\WINDOWS\System32\cryptsp.dll
0x0000000052610000 - 0x000000005261b000 	C:\Program Files\Java\jdk1.8.0_73\jre\bin\dt_shmem.dll
0x00000000526c0000 - 0x00000000526da000 	C:\Program Files\Java\jdk1.8.0_73\jre\bin\net.dll
0x00007fff73af0000 - 0x00007fff73b57000 	C:\WINDOWS\system32\mswsock.dll
0x00007fff73840000 - 0x00007fff7390b000 	C:\WINDOWS\SYSTEM32\DNSAPI.dll
0x00007fff76c20000 - 0x00007fff76c28000 	C:\WINDOWS\System32\NSI.dll
0x00007fff73800000 - 0x00007fff7383a000 	C:\WINDOWS\SYSTEM32\IPHLPAPI.DLL
0x00007fff632d0000 - 0x00007fff632da000 	C:\Windows\System32\rasadhlp.dll
0x00007fff6f180000 - 0x00007fff6f1f7000 	C:\WINDOWS\System32\fwpuclnt.dll
0x00007fff74460000 - 0x00007fff74486000 	C:\WINDOWS\System32\bcrypt.dll
0x0000000052600000 - 0x000000005260d000 	C:\Program Files\Java\jdk1.8.0_73\jre\bin\management.dll
0x00000000526a0000 - 0x00000000526b1000 	C:\Program Files\Java\jdk1.8.0_73\jre\bin\nio.dll
0x00007fff73660000 - 0x00007fff73693000 	C:\WINDOWS\system32\rsaenh.dll
0x00007fff74200000 - 0x00007fff74225000 	C:\WINDOWS\SYSTEM32\USERENV.dll
0x00007fff73cc0000 - 0x00007fff73ccc000 	C:\WINDOWS\SYSTEM32\CRYPTBASE.dll
0x00007fff70000000 - 0x00007fff70016000 	C:\WINDOWS\SYSTEM32\dhcpcsvc6.DLL
0x00007fff6f260000 - 0x00007fff6f27c000 	C:\WINDOWS\SYSTEM32\dhcpcsvc.DLL
0x00007fff60280000 - 0x00007fff60296000 	C:\WINDOWS\system32\napinsp.dll
0x00007fff60260000 - 0x00007fff6027a000 	C:\WINDOWS\system32\pnrpnsp.dll
0x00007fff61300000 - 0x00007fff6130e000 	C:\WINDOWS\System32\winrnr.dll
0x00007fff709c0000 - 0x00007fff709dc000 	C:\WINDOWS\system32\NLAapi.dll
0x00007fff70030000 - 0x00007fff70045000 	C:\WINDOWS\system32\wshbth.dll
0x00000000525d0000 - 0x00000000525f4000 	C:\Program Files\Java\jdk1.8.0_73\jre\bin\sunec.dll
0x00007fff62b90000 - 0x00007fff62d84000 	C:\WINDOWS\SYSTEM32\dbghelp.dll

VM Arguments:
jvm_args: -agentlib:jdwp=transport=dt_shmem,address=javadebug,suspend=y,server=n -XX:TieredStopAtLevel=1 -Xverify:none -Dspring.output.ansi.enabled=always -Dcom.sun.management.jmxremote -Dspring.jmx.enabled=true -Dspring.liveBeansView.mbeanDomain -Dspring.application.admin.enabled=true -javaagent:C:\Users\admin\.IntelliJIdea2019.3\system\captureAgent\debugger-agent.jar -Dfile.encoding=UTF-8 
java_command: com.apl.lms.common.manage.LmsCommonManageApplication
java_class_path (initial): C:\Program Files\Java\jdk1.8.0_73\jre\lib\charsets.jar;C:\Program Files\Java\jdk1.8.0_73\jre\lib\deploy.jar;C:\Program Files\Java\jdk1.8.0_73\jre\lib\ext\access-bridge-64.jar;C:\Program Files\Java\jdk1.8.0_73\jre\lib\ext\cldrdata.jar;C:\Program Files\Java\jdk1.8.0_73\jre\lib\ext\dnsns.jar;C:\Program Files\Java\jdk1.8.0_73\jre\lib\ext\jaccess.jar;C:\Program Files\Java\jdk1.8.0_73\jre\lib\ext\jfxrt.jar;C:\Program Files\Java\jdk1.8.0_73\jre\lib\ext\localedata.jar;C:\Program Files\Java\jdk1.8.0_73\jre\lib\ext\nashorn.jar;C:\Program Files\Java\jdk1.8.0_73\jre\lib\ext\sunec.jar;C:\Program Files\Java\jdk1.8.0_73\jre\lib\ext\sunjce_provider.jar;C:\Program Files\Java\jdk1.8.0_73\jre\lib\ext\sunmscapi.jar;C:\Program Files\Java\jdk1.8.0_73\jre\lib\ext\sunpkcs11.jar;C:\Program Files\Java\jdk1.8.0_73\jre\lib\ext\zipfs.jar;C:\Program Files\Java\jdk1.8.0_73\jre\lib\javaws.jar;C:\Program Files\Java\jdk1.8.0_73\jre\lib\jce.jar;C:\Program Files\Java\jdk1.8.0_73\jre\lib\jfr.jar;C:\Program Files\Java\jdk1.8.0_73\jre\lib\jfxswt.jar;C:\Program Files\Java\jdk1.8.0_73\jre\lib\jsse.jar;C:\Program Files\Java\jdk1.8.0_73\jre\lib\management-agent.jar;C:\Program Files\Java\jdk1.8.0_73\jre\lib\plugin.jar;C:\Program Files\Java\jdk1.8.0_73\jre\lib\resources.jar;C:\Program Files\Java\jdk1.8.0_73\jre\lib\rt.jar;G:\java\apl-lms-common-main\apl-lms-common-impl-master\apl-lms-common-manage-app\target\classes;G:\my_maven_local_repository\com\apl\apl-web-dependency-parent\1.0.1\apl-web-dependency-parent-1.0.1.jar;G:\my_maven_local_repository\org\springframework\boot\spring-boot-starter-web\2.1.6.RELEASE\spring-boot-starter-web-2.1.6.RELEASE.jar;G:\my_maven_local_repository\org\springframework\boot\spring-boot-starter\2.1.6.RELEASE\spring-boot-starter-2.1.6.RELEASE.jar;G:\my_maven_local_repository\org\springframework\boot\spring-boot\2.1.6.RELEASE\spring-boot-2.1.6.RELEASE.jar;G:\my_maven_local_repository\org\springframework\boot\spring-boot-autoconfigure\2.1.6.RELEASE\spring-
Launcher Type: SUN_STANDARD

Environment Variables:
PATH=C:\ProgramData\Oracle\Java\javapath;C:\WINDOWS\system32;C:\WINDOWS;C:\WINDOWS\System32\Wbem;C:\WINDOWS\System32\WindowsPowerShell\v1.0\;G:\git2019\cmd;C:\WINDOWS\System32\OpenSSH\;C:\Program Files\Java\jdk1.8.0_73\bin;G:\javasetup\gradle-6.1\bin;D:\softWare\apache-maven-3.6.1\bin;C:\Ruby26-x64\bin;C:\Users\admin\AppData\Local\Microsoft\WindowsApps;
USERNAME=admin
OS=Windows_NT
PROCESSOR_IDENTIFIER=Intel64 Family 6 Model 158 Stepping 11, GenuineIntel



---------------  S Y S T E M  ---------------

OS: Windows 10.0 , 64 bit Build 18362 (10.0.18362.900)

CPU:total 4 (4 cores per cpu, 1 threads per core) family 6 model 158 stepping 11, cmov, cx8, fxsr, mmx, sse, sse2, sse3, ssse3, sse4.1, sse4.2, popcnt, avx, avx2, aes, clmul, erms, 3dnowpref, lzcnt, tsc, tscinvbit, bmi1, bmi2, adx

Memory: 4k page, physical 16599440k(7722388k free), swap 17648016k(1100044k free)

vm_info: Java HotSpot(TM) 64-Bit Server VM (25.73-b02) for windows-amd64 JRE (1.8.0_73-b02), built on Jan 29 2016 17:38:49 by "java_re" with MS VC++ 10.0 (VS2010)

time: Wed Jul 01 17:33:15 2020
elapsed time: 22109 seconds (0d 6h 8m 29s)

